<?xml version="1.0" encoding="UTF-8"?>
<!-- Generated by org.testng.reporters.JUnitReportReporter -->
<testsuite skipped="0" hostname="AH-LOAN-167" name="runnner.Testrunner" tests="1" failures="0" timestamp="13 Jul 2020 15:59:08 GMT" time="9.861" errors="0">
  <testcase name="feature" time="9.861" classname="runnner.Testrunner"/>
</testsuite> <!-- runnner.Testrunner -->
